!SESSION 2025-09-19 09:55:53.238 -----------------------------------------------
eclipse.buildId=4.36.0.20250605-1300
java.version=21.0.8
java.vendor=Eclipse Adoptium
BootLoader constants: OS=win32, ARCH=x86_64, WS=win32, NL=es_ES
Framework arguments:  -product org.eclipse.epp.package.java.product
Command-line arguments:  -os win32 -ws win32 -arch x86_64 -product org.eclipse.epp.package.java.product

!ENTRY ch.qos.logback.classic 1 0 2025-09-19 09:56:15.906
!MESSAGE Activated before the state location was initialized. Retry after the state location is initialized.

!ENTRY ch.qos.logback.classic 1 0 2025-09-19 09:56:41.232
!MESSAGE Logback config file: C:\Users\DAM 1\OneDrive\Programacion\.metadata\.plugins\org.eclipse.m2e.logback\logback.2.7.100.20250418-1315.xml

!ENTRY org.eclipse.egit.ui 2 0 2025-09-19 09:56:47.120
!MESSAGE Warning: The environment variable HOME is not set. The following directory will be used to store the Git
user global configuration and to define the default location to store repositories: 'C:\Users\DAM 1'. If this is
not correct please set the HOME environment variable and restart Eclipse. Otherwise Git for Windows and
EGit might behave differently since they see different configuration options.
This warning can be switched off on the Team > Git > Confirmations and Warnings preference page.
!SESSION 2025-09-19 09:58:44.764 -----------------------------------------------
eclipse.buildId=4.36.0.20250605-1300
java.version=21.0.8
java.vendor=Eclipse Adoptium
BootLoader constants: OS=win32, ARCH=x86_64, WS=win32, NL=es_ES
Framework arguments:  -product org.eclipse.epp.package.java.product
Command-line arguments:  -os win32 -ws win32 -arch x86_64 -product org.eclipse.epp.package.java.product

!ENTRY ch.qos.logback.classic 1 0 2025-09-19 09:58:46.262
!MESSAGE Activated before the state location was initialized. Retry after the state location is initialized.

!ENTRY ch.qos.logback.classic 1 0 2025-09-19 09:58:54.382
!MESSAGE Logback config file: C:\Users\DAM 1\OneDrive\Programacion\.metadata\.plugins\org.eclipse.m2e.logback\logback.2.7.100.20250418-1315.xml

!ENTRY org.eclipse.egit.ui 2 0 2025-09-19 09:58:58.188
!MESSAGE Warning: The environment variable HOME is not set. The following directory will be used to store the Git
user global configuration and to define the default location to store repositories: 'C:\Users\DAM 1'. If this is
not correct please set the HOME environment variable and restart Eclipse. Otherwise Git for Windows and
EGit might behave differently since they see different configuration options.
This warning can be switched off on the Team > Git > Confirmations and Warnings preference page.

!ENTRY org.eclipse.ui 4 0 2025-09-19 10:01:38.376
!MESSAGE Unhandled event loop exception
!STACK 0
java.lang.NullPointerException: Cannot invoke "org.eclipse.e4.ui.workbench.modeling.ESelectionService.getSelection()" because "this.selectionService" is null
	at org.eclipse.ui.internal.e4.compatibility.SelectionService.getSelection(SelectionService.java:329)
	at org.eclipse.ui.internal.navigator.wizards.WizardShortcutAction.run(WizardShortcutAction.java:83)
	at org.eclipse.ui.internal.views.helpers.EmptyWorkspaceHelper$1.linkActivated(EmptyWorkspaceHelper.java:283)
	at org.eclipse.ui.forms.widgets.AbstractHyperlink.handleActivate(AbstractHyperlink.java:215)
	at org.eclipse.ui.forms.widgets.AbstractHyperlink.handleMouseUp(AbstractHyperlink.java:309)
	at org.eclipse.ui.forms.widgets.AbstractHyperlink.lambda$3(AbstractHyperlink.java:117)
	at org.eclipse.swt.widgets.EventTable.sendEvent(EventTable.java:91)
	at org.eclipse.swt.widgets.Display.sendEvent(Display.java:4338)
	at org.eclipse.swt.widgets.Widget.sendEvent(Widget.java:1214)
	at org.eclipse.swt.widgets.Display.runDeferredEvents(Display.java:4136)
	at org.eclipse.swt.widgets.Display.readAndDispatch(Display.java:3724)
	at org.eclipse.e4.ui.internal.workbench.swt.PartRenderingEngine$5.run(PartRenderingEngine.java:1151)
	at org.eclipse.core.databinding.observable.Realm.runWithDefault(Realm.java:339)
	at org.eclipse.e4.ui.internal.workbench.swt.PartRenderingEngine.run(PartRenderingEngine.java:1042)
	at org.eclipse.e4.ui.internal.workbench.E4Workbench.createAndRunUI(E4Workbench.java:153)
	at org.eclipse.ui.internal.Workbench.lambda$3(Workbench.java:678)
	at org.eclipse.core.databinding.observable.Realm.runWithDefault(Realm.java:339)
	at org.eclipse.ui.internal.Workbench.createAndRunWorkbench(Workbench.java:583)
	at org.eclipse.ui.PlatformUI.createAndRunWorkbench(PlatformUI.java:173)
	at org.eclipse.ui.internal.ide.application.IDEApplication.start(IDEApplication.java:185)
	at org.eclipse.equinox.internal.app.EclipseAppHandle.run(EclipseAppHandle.java:219)
	at org.eclipse.core.runtime.internal.adaptor.EclipseAppLauncher.runApplication(EclipseAppLauncher.java:149)
	at org.eclipse.core.runtime.internal.adaptor.EclipseAppLauncher.start(EclipseAppLauncher.java:115)
	at org.eclipse.core.runtime.adaptor.EclipseStarter.run(EclipseStarter.java:467)
	at org.eclipse.core.runtime.adaptor.EclipseStarter.run(EclipseStarter.java:298)
	at java.base/jdk.internal.reflect.DirectMethodHandleAccessor.invoke(DirectMethodHandleAccessor.java:103)
	at java.base/java.lang.reflect.Method.invoke(Method.java:580)
	at org.eclipse.equinox.launcher.Main.invokeFramework(Main.java:627)
	at org.eclipse.equinox.launcher.Main.basicRun(Main.java:575)
	at org.eclipse.equinox.launcher.Main.run(Main.java:1431)

!ENTRY org.eclipse.ui 4 0 2025-09-19 10:01:40.956
!MESSAGE Unhandled event loop exception
!STACK 0
java.lang.NullPointerException: Cannot invoke "org.eclipse.e4.ui.workbench.modeling.ESelectionService.getSelection()" because "this.selectionService" is null
	at org.eclipse.ui.internal.e4.compatibility.SelectionService.getSelection(SelectionService.java:329)
	at org.eclipse.ui.internal.navigator.wizards.WizardShortcutAction.run(WizardShortcutAction.java:83)
	at org.eclipse.ui.internal.views.helpers.EmptyWorkspaceHelper$1.linkActivated(EmptyWorkspaceHelper.java:283)
	at org.eclipse.ui.forms.widgets.AbstractHyperlink.handleActivate(AbstractHyperlink.java:215)
	at org.eclipse.ui.forms.widgets.AbstractHyperlink.handleMouseUp(AbstractHyperlink.java:309)
	at org.eclipse.ui.forms.widgets.AbstractHyperlink.lambda$3(AbstractHyperlink.java:117)
	at org.eclipse.swt.widgets.EventTable.sendEvent(EventTable.java:91)
	at org.eclipse.swt.widgets.Display.sendEvent(Display.java:4338)
	at org.eclipse.swt.widgets.Widget.sendEvent(Widget.java:1214)
	at org.eclipse.swt.widgets.Display.runDeferredEvents(Display.java:4136)
	at org.eclipse.swt.widgets.Display.readAndDispatch(Display.java:3724)
	at org.eclipse.e4.ui.internal.workbench.swt.PartRenderingEngine$5.run(PartRenderingEngine.java:1151)
	at org.eclipse.core.databinding.observable.Realm.runWithDefault(Realm.java:339)
	at org.eclipse.e4.ui.internal.workbench.swt.PartRenderingEngine.run(PartRenderingEngine.java:1042)
	at org.eclipse.e4.ui.internal.workbench.E4Workbench.createAndRunUI(E4Workbench.java:153)
	at org.eclipse.ui.internal.Workbench.lambda$3(Workbench.java:678)
	at org.eclipse.core.databinding.observable.Realm.runWithDefault(Realm.java:339)
	at org.eclipse.ui.internal.Workbench.createAndRunWorkbench(Workbench.java:583)
	at org.eclipse.ui.PlatformUI.createAndRunWorkbench(PlatformUI.java:173)
	at org.eclipse.ui.internal.ide.application.IDEApplication.start(IDEApplication.java:185)
	at org.eclipse.equinox.internal.app.EclipseAppHandle.run(EclipseAppHandle.java:219)
	at org.eclipse.core.runtime.internal.adaptor.EclipseAppLauncher.runApplication(EclipseAppLauncher.java:149)
	at org.eclipse.core.runtime.internal.adaptor.EclipseAppLauncher.start(EclipseAppLauncher.java:115)
	at org.eclipse.core.runtime.adaptor.EclipseStarter.run(EclipseStarter.java:467)
	at org.eclipse.core.runtime.adaptor.EclipseStarter.run(EclipseStarter.java:298)
	at java.base/jdk.internal.reflect.DirectMethodHandleAccessor.invoke(DirectMethodHandleAccessor.java:103)
	at java.base/java.lang.reflect.Method.invoke(Method.java:580)
	at org.eclipse.equinox.launcher.Main.invokeFramework(Main.java:627)
	at org.eclipse.equinox.launcher.Main.basicRun(Main.java:575)
	at org.eclipse.equinox.launcher.Main.run(Main.java:1431)

!ENTRY org.eclipse.ui 4 0 2025-09-19 10:01:43.741
!MESSAGE Unhandled event loop exception
!STACK 0
java.lang.NullPointerException: Cannot invoke "org.eclipse.e4.ui.workbench.modeling.ESelectionService.getSelection()" because "this.selectionService" is null
	at org.eclipse.ui.internal.e4.compatibility.SelectionService.getSelection(SelectionService.java:329)
	at org.eclipse.ui.internal.navigator.wizards.WizardShortcutAction.run(WizardShortcutAction.java:83)
	at org.eclipse.ui.internal.views.helpers.EmptyWorkspaceHelper$1.linkActivated(EmptyWorkspaceHelper.java:283)
	at org.eclipse.ui.forms.widgets.AbstractHyperlink.handleActivate(AbstractHyperlink.java:215)
	at org.eclipse.ui.forms.widgets.AbstractHyperlink.handleMouseUp(AbstractHyperlink.java:309)
	at org.eclipse.ui.forms.widgets.AbstractHyperlink.lambda$3(AbstractHyperlink.java:117)
	at org.eclipse.swt.widgets.EventTable.sendEvent(EventTable.java:91)
	at org.eclipse.swt.widgets.Display.sendEvent(Display.java:4338)
	at org.eclipse.swt.widgets.Widget.sendEvent(Widget.java:1214)
	at org.eclipse.swt.widgets.Display.runDeferredEvents(Display.java:4136)
	at org.eclipse.swt.widgets.Display.readAndDispatch(Display.java:3724)
	at org.eclipse.e4.ui.internal.workbench.swt.PartRenderingEngine$5.run(PartRenderingEngine.java:1151)
	at org.eclipse.core.databinding.observable.Realm.runWithDefault(Realm.java:339)
	at org.eclipse.e4.ui.internal.workbench.swt.PartRenderingEngine.run(PartRenderingEngine.java:1042)
	at org.eclipse.e4.ui.internal.workbench.E4Workbench.createAndRunUI(E4Workbench.java:153)
	at org.eclipse.ui.internal.Workbench.lambda$3(Workbench.java:678)
	at org.eclipse.core.databinding.observable.Realm.runWithDefault(Realm.java:339)
	at org.eclipse.ui.internal.Workbench.createAndRunWorkbench(Workbench.java:583)
	at org.eclipse.ui.PlatformUI.createAndRunWorkbench(PlatformUI.java:173)
	at org.eclipse.ui.internal.ide.application.IDEApplication.start(IDEApplication.java:185)
	at org.eclipse.equinox.internal.app.EclipseAppHandle.run(EclipseAppHandle.java:219)
	at org.eclipse.core.runtime.internal.adaptor.EclipseAppLauncher.runApplication(EclipseAppLauncher.java:149)
	at org.eclipse.core.runtime.internal.adaptor.EclipseAppLauncher.start(EclipseAppLauncher.java:115)
	at org.eclipse.core.runtime.adaptor.EclipseStarter.run(EclipseStarter.java:467)
	at org.eclipse.core.runtime.adaptor.EclipseStarter.run(EclipseStarter.java:298)
	at java.base/jdk.internal.reflect.DirectMethodHandleAccessor.invoke(DirectMethodHandleAccessor.java:103)
	at java.base/java.lang.reflect.Method.invoke(Method.java:580)
	at org.eclipse.equinox.launcher.Main.invokeFramework(Main.java:627)
	at org.eclipse.equinox.launcher.Main.basicRun(Main.java:575)
	at org.eclipse.equinox.launcher.Main.run(Main.java:1431)
!SESSION 2025-09-19 10:02:44.475 -----------------------------------------------
eclipse.buildId=4.36.0.20250605-1300
java.version=21.0.8
java.vendor=Eclipse Adoptium
BootLoader constants: OS=win32, ARCH=x86_64, WS=win32, NL=es_ES
Framework arguments:  -product org.eclipse.epp.package.java.product
Command-line arguments:  -os win32 -ws win32 -arch x86_64 -product org.eclipse.epp.package.java.product

!ENTRY ch.qos.logback.classic 1 0 2025-09-19 10:02:46.398
!MESSAGE Activated before the state location was initialized. Retry after the state location is initialized.

!ENTRY ch.qos.logback.classic 1 0 2025-09-19 10:02:47.526
!MESSAGE Logback config file: C:\Users\DAM 1\OneDrive\Programacion\.metadata\.plugins\org.eclipse.m2e.logback\logback.2.7.100.20250418-1315.xml

!ENTRY org.eclipse.egit.ui 2 0 2025-09-19 10:02:51.708
!MESSAGE Warning: The environment variable HOME is not set. The following directory will be used to store the Git
user global configuration and to define the default location to store repositories: 'C:\Users\DAM 1'. If this is
not correct please set the HOME environment variable and restart Eclipse. Otherwise Git for Windows and
EGit might behave differently since they see different configuration options.
This warning can be switched off on the Team > Git > Confirmations and Warnings preference page.
!SESSION 2025-09-19 10:06:07.546 -----------------------------------------------
eclipse.buildId=4.36.0.20250605-1300
java.version=21.0.8
java.vendor=Eclipse Adoptium
BootLoader constants: OS=win32, ARCH=x86_64, WS=win32, NL=es_ES
Framework arguments:  -product org.eclipse.epp.package.java.product
Command-line arguments:  -os win32 -ws win32 -arch x86_64 -product org.eclipse.epp.package.java.product

!ENTRY ch.qos.logback.classic 1 0 2025-09-19 10:06:08.986
!MESSAGE Activated before the state location was initialized. Retry after the state location is initialized.

!ENTRY ch.qos.logback.classic 1 0 2025-09-19 10:06:10.126
!MESSAGE Logback config file: C:\Users\DAM 1\OneDrive\Programacion\.metadata\.plugins\org.eclipse.m2e.logback\logback.2.7.100.20250418-1315.xml

!ENTRY org.eclipse.egit.ui 2 0 2025-09-19 10:06:15.874
!MESSAGE Warning: The environment variable HOME is not set. The following directory will be used to store the Git
user global configuration and to define the default location to store repositories: 'C:\Users\DAM 1'. If this is
not correct please set the HOME environment variable and restart Eclipse. Otherwise Git for Windows and
EGit might behave differently since they see different configuration options.
This warning can be switched off on the Team > Git > Confirmations and Warnings preference page.
!SESSION 2025-09-19 10:08:14.035 -----------------------------------------------
eclipse.buildId=4.36.0.20250605-1300
java.version=21.0.8
java.vendor=Eclipse Adoptium
BootLoader constants: OS=win32, ARCH=x86_64, WS=win32, NL=es_ES
Framework arguments:  -product org.eclipse.epp.package.java.product
Command-line arguments:  -os win32 -ws win32 -arch x86_64 -product org.eclipse.epp.package.java.product

!ENTRY ch.qos.logback.classic 1 0 2025-09-19 10:08:15.812
!MESSAGE Activated before the state location was initialized. Retry after the state location is initialized.

!ENTRY ch.qos.logback.classic 1 0 2025-09-19 10:08:16.954
!MESSAGE Logback config file: C:\Users\DAM 1\OneDrive\Programacion\.metadata\.plugins\org.eclipse.m2e.logback\logback.2.7.100.20250418-1315.xml

!ENTRY org.eclipse.egit.ui 2 0 2025-09-19 10:08:22.742
!MESSAGE Warning: The environment variable HOME is not set. The following directory will be used to store the Git
user global configuration and to define the default location to store repositories: 'C:\Users\DAM 1'. If this is
not correct please set the HOME environment variable and restart Eclipse. Otherwise Git for Windows and
EGit might behave differently since they see different configuration options.
This warning can be switched off on the Team > Git > Confirmations and Warnings preference page.

!ENTRY org.eclipse.core.resources 4 567 2025-09-29 17:58:03.135
!MESSAGE Workspace restored, but some problems occurred.
!SUBENTRY 1 org.eclipse.core.resources 4 567 2025-09-29 17:58:03.135
!MESSAGE Could not read metadata for '.org.eclipse.egit.core.cmp'.
!STACK 1
org.eclipse.core.internal.resources.ResourceException(/.org.eclipse.egit.core.cmp)[567]: java.lang.Exception: The project description file (.project) for '.org.eclipse.egit.core.cmp' is missing.  This file contains important information about the project.  The project will not function properly until this file is restored.
	at org.eclipse.core.internal.resources.ResourceException.provideStackTrace(ResourceException.java:42)
	at org.eclipse.core.internal.resources.ResourceException.<init>(ResourceException.java:38)
	at org.eclipse.core.internal.localstore.FileSystemResourceManager.read(FileSystemResourceManager.java:971)
	at org.eclipse.core.internal.resources.SaveManager.restoreMetaInfo(SaveManager.java:954)
	at org.eclipse.core.internal.resources.SaveManager.restoreMetaInfo(SaveManager.java:934)
	at org.eclipse.core.internal.resources.SaveManager.restore(SaveManager.java:790)
	at org.eclipse.core.internal.resources.SaveManager.startup(SaveManager.java:1616)
	at org.eclipse.core.internal.resources.Workspace.startup(Workspace.java:2624)
	at org.eclipse.core.internal.resources.Workspace.open(Workspace.java:2325)
	at org.eclipse.core.resources.ResourcesPlugin$WorkspaceInitCustomizer.addingService(ResourcesPlugin.java:591)
	at org.eclipse.core.resources.ResourcesPlugin$WorkspaceInitCustomizer.addingService(ResourcesPlugin.java:1)
	at org.osgi.util.tracker.ServiceTracker$Tracked.customizerAdding(ServiceTracker.java:947)
	at org.osgi.util.tracker.ServiceTracker$Tracked.customizerAdding(ServiceTracker.java:1)
	at org.osgi.util.tracker.AbstractTracked.trackAdding(AbstractTracked.java:257)
	at org.osgi.util.tracker.AbstractTracked.trackInitial(AbstractTracked.java:184)
	at org.osgi.util.tracker.ServiceTracker.open(ServiceTracker.java:324)
	at org.osgi.util.tracker.ServiceTracker.open(ServiceTracker.java:267)
	at org.eclipse.core.resources.ResourcesPlugin.start(ResourcesPlugin.java:565)
	at org.eclipse.osgi.internal.framework.BundleContextImpl$2.run(BundleContextImpl.java:826)
	at org.eclipse.osgi.internal.framework.BundleContextImpl$2.run(BundleContextImpl.java:1)
	at java.base/java.security.AccessController.doPrivileged(AccessController.java:571)
	at org.eclipse.osgi.internal.framework.BundleContextImpl.startActivator(BundleContextImpl.java:818)
	at org.eclipse.osgi.internal.framework.BundleContextImpl.start(BundleContextImpl.java:768)
	at org.eclipse.osgi.internal.framework.EquinoxBundle.startWorker0(EquinoxBundle.java:1066)
	at org.eclipse.osgi.internal.framework.EquinoxBundle$EquinoxModule.startWorker(EquinoxBundle.java:394)
	at org.eclipse.osgi.container.Module.doStart(Module.java:643)
	at org.eclipse.osgi.container.Module.start(Module.java:500)
	at org.eclipse.osgi.framework.util.SecureAction.start(SecureAction.java:528)
	at org.eclipse.osgi.internal.hooks.EclipseLazyStarter.postFindLocalClass(EclipseLazyStarter.java:122)
	at org.eclipse.osgi.internal.loader.classpath.ClasspathManager.findLocalClass(ClasspathManager.java:622)
	at org.eclipse.osgi.internal.loader.ModuleClassLoader.findLocalClass(ModuleClassLoader.java:353)
	at org.eclipse.osgi.internal.loader.BundleLoader.findLocalClass(BundleLoader.java:417)
	at org.eclipse.osgi.internal.loader.sources.SingleSourcePackage.loadClass(SingleSourcePackage.java:41)
	at org.eclipse.osgi.internal.loader.BundleLoader.findClass0(BundleLoader.java:521)
	at org.eclipse.osgi.internal.loader.BundleLoader.findClass(BundleLoader.java:438)
	at org.eclipse.osgi.internal.loader.ModuleClassLoader.loadClass(ModuleClassLoader.java:195)
	at java.base/java.lang.ClassLoader.loadClass(ClassLoader.java:526)
	at org.eclipse.ui.internal.ide.application.IDEApplication.start(IDEApplication.java:186)
	at org.eclipse.equinox.internal.app.EclipseAppHandle.run(EclipseAppHandle.java:219)
	at org.eclipse.core.runtime.internal.adaptor.EclipseAppLauncher.runApplication(EclipseAppLauncher.java:149)
	at org.eclipse.core.runtime.internal.adaptor.EclipseAppLauncher.start(EclipseAppLauncher.java:115)
	at org.eclipse.core.runtime.adaptor.EclipseStarter.run(EclipseStarter.java:467)
	at org.eclipse.core.runtime.adaptor.EclipseStarter.run(EclipseStarter.java:298)
	at java.base/jdk.internal.reflect.DirectMethodHandleAccessor.invoke(DirectMethodHandleAccessor.java:103)
	at java.base/java.lang.reflect.Method.invoke(Method.java:580)
	at org.eclipse.equinox.launcher.Main.invokeFramework(Main.java:627)
	at org.eclipse.equinox.launcher.Main.basicRun(Main.java:575)
	at org.eclipse.equinox.launcher.Main.run(Main.java:1431)
!SUBENTRY 2 org.eclipse.core.resources 4 567 2025-09-29 17:58:03.139
!MESSAGE The project description file (.project) for '.org.eclipse.egit.core.cmp' is missing.  This file contains important information about the project.  The project will not function properly until this file is restored.
!STACK 0
java.lang.Exception: The project description file (.project) for '.org.eclipse.egit.core.cmp' is missing.  This file contains important information about the project.  The project will not function properly until this file is restored.
	at org.eclipse.core.internal.resources.ResourceException.provideStackTrace(ResourceException.java:42)
	at org.eclipse.core.internal.resources.ResourceException.<init>(ResourceException.java:38)
	at org.eclipse.core.internal.localstore.FileSystemResourceManager.read(FileSystemResourceManager.java:971)
	at org.eclipse.core.internal.resources.SaveManager.restoreMetaInfo(SaveManager.java:954)
	at org.eclipse.core.internal.resources.SaveManager.restoreMetaInfo(SaveManager.java:934)
	at org.eclipse.core.internal.resources.SaveManager.restore(SaveManager.java:790)
	at org.eclipse.core.internal.resources.SaveManager.startup(SaveManager.java:1616)
	at org.eclipse.core.internal.resources.Workspace.startup(Workspace.java:2624)
	at org.eclipse.core.internal.resources.Workspace.open(Workspace.java:2325)
	at org.eclipse.core.resources.ResourcesPlugin$WorkspaceInitCustomizer.addingService(ResourcesPlugin.java:591)
	at org.eclipse.core.resources.ResourcesPlugin$WorkspaceInitCustomizer.addingService(ResourcesPlugin.java:1)
	at org.osgi.util.tracker.ServiceTracker$Tracked.customizerAdding(ServiceTracker.java:947)
	at org.osgi.util.tracker.ServiceTracker$Tracked.customizerAdding(ServiceTracker.java:1)
	at org.osgi.util.tracker.AbstractTracked.trackAdding(AbstractTracked.java:257)
	at org.osgi.util.tracker.AbstractTracked.trackInitial(AbstractTracked.java:184)
	at org.osgi.util.tracker.ServiceTracker.open(ServiceTracker.java:324)
	at org.osgi.util.tracker.ServiceTracker.open(ServiceTracker.java:267)
	at org.eclipse.core.resources.ResourcesPlugin.start(ResourcesPlugin.java:565)
	at org.eclipse.osgi.internal.framework.BundleContextImpl$2.run(BundleContextImpl.java:826)
	at org.eclipse.osgi.internal.framework.BundleContextImpl$2.run(BundleContextImpl.java:1)
	at java.base/java.security.AccessController.doPrivileged(AccessController.java:571)
	at org.eclipse.osgi.internal.framework.BundleContextImpl.startActivator(BundleContextImpl.java:818)
	at org.eclipse.osgi.internal.framework.BundleContextImpl.start(BundleContextImpl.java:768)
	at org.eclipse.osgi.internal.framework.EquinoxBundle.startWorker0(EquinoxBundle.java:1066)
	at org.eclipse.osgi.internal.framework.EquinoxBundle$EquinoxModule.startWorker(EquinoxBundle.java:394)
	at org.eclipse.osgi.container.Module.doStart(Module.java:643)
	at org.eclipse.osgi.container.Module.start(Module.java:500)
	at org.eclipse.osgi.framework.util.SecureAction.start(SecureAction.java:528)
	at org.eclipse.osgi.internal.hooks.EclipseLazyStarter.postFindLocalClass(EclipseLazyStarter.java:122)
	at org.eclipse.osgi.internal.loader.classpath.ClasspathManager.findLocalClass(ClasspathManager.java:622)
	at org.eclipse.osgi.internal.loader.ModuleClassLoader.findLocalClass(ModuleClassLoader.java:353)
	at org.eclipse.osgi.internal.loader.BundleLoader.findLocalClass(BundleLoader.java:417)
	at org.eclipse.osgi.internal.loader.sources.SingleSourcePackage.loadClass(SingleSourcePackage.java:41)
	at org.eclipse.osgi.internal.loader.BundleLoader.findClass0(BundleLoader.java:521)
	at org.eclipse.osgi.internal.loader.BundleLoader.findClass(BundleLoader.java:438)
	at org.eclipse.osgi.internal.loader.ModuleClassLoader.loadClass(ModuleClassLoader.java:195)
	at java.base/java.lang.ClassLoader.loadClass(ClassLoader.java:526)
	at org.eclipse.ui.internal.ide.application.IDEApplication.start(IDEApplication.java:186)
	at org.eclipse.equinox.internal.app.EclipseAppHandle.run(EclipseAppHandle.java:219)
	at org.eclipse.core.runtime.internal.adaptor.EclipseAppLauncher.runApplication(EclipseAppLauncher.java:149)
	at org.eclipse.core.runtime.internal.adaptor.EclipseAppLauncher.start(EclipseAppLauncher.java:115)
	at org.eclipse.core.runtime.adaptor.EclipseStarter.run(EclipseStarter.java:467)
	at org.eclipse.core.runtime.adaptor.EclipseStarter.run(EclipseStarter.java:298)
	at java.base/jdk.internal.reflect.DirectMethodHandleAccessor.invoke(DirectMethodHandleAccessor.java:103)
	at java.base/java.lang.reflect.Method.invoke(Method.java:580)
	at org.eclipse.equinox.launcher.Main.invokeFramework(Main.java:627)
	at org.eclipse.equinox.launcher.Main.basicRun(Main.java:575)
	at org.eclipse.equinox.launcher.Main.run(Main.java:1431)

!ENTRY ch.qos.logback.classic 1 0 2025-09-29 17:58:05.352
!MESSAGE Logback config file: C:\Users\Sophia\OneDrive\Programacion\.metadata\.plugins\org.eclipse.m2e.logback\logback.2.7.100.20250418-1315.xml

!ENTRY org.eclipse.egit.ui 2 0 2025-09-29 17:58:38.031
!MESSAGE Warning: The environment variable HOME is not set. The following directory will be used to store the Git
user global configuration and to define the default location to store repositories: 'C:\Users\Sophia'. If this is
not correct please set the HOME environment variable and restart Eclipse. Otherwise Git for Windows and
EGit might behave differently since they see different configuration options.
This warning can be switched off on the Team > Git > Confirmations and Warnings preference page.

!ENTRY org.eclipse.e4.ui.workbench 2 0 2025-09-29 17:58:38.160
!MESSAGE Removing PartDescriptorImpl with the "org.eclipse.gef.ui.palette_view" id and the "Palette" label.It points to the non available "bundleclass://org.eclipse.ui.workbench/org.eclipse.ui.internal.e4.compatibility.CompatibilityView" class. Bundle might have been uninstalled

!ENTRY org.eclipse.e4.ui.workbench 2 0 2025-09-29 17:58:38.161
!MESSAGE Removing PartDescriptorImpl with the "org.eclipse.pde.api.tools.ui.views.apitooling.views.apitoolingview" id and the "API Tools" label.It points to the non available "bundleclass://org.eclipse.ui.workbench/org.eclipse.ui.internal.e4.compatibility.CompatibilityView" class. Bundle might have been uninstalled

!ENTRY org.eclipse.e4.ui.workbench 2 0 2025-09-29 17:58:38.161
!MESSAGE Removing PartDescriptorImpl with the "pde.bnd.ui.repositoriesView" id and the "Bundle Repositories" label.It points to the non available "bundleclass://org.eclipse.ui.workbench/org.eclipse.ui.internal.e4.compatibility.CompatibilityView" class. Bundle might have been uninstalled

!ENTRY org.eclipse.e4.ui.workbench 2 0 2025-09-29 17:58:38.163
!MESSAGE Removing PartDescriptorImpl with the "pde.bnd.ui.impExpView" id and the "OSGi Resolution" label.It points to the non available "bundleclass://org.eclipse.ui.workbench/org.eclipse.ui.internal.e4.compatibility.CompatibilityView" class. Bundle might have been uninstalled

!ENTRY org.eclipse.e4.ui.workbench 2 0 2025-09-29 17:58:38.165
!MESSAGE Removing PartDescriptorImpl with the "org.eclipse.pde.ui.PluginsView" id and the "Plug-ins" label.It points to the non available "bundleclass://org.eclipse.ui.workbench/org.eclipse.ui.internal.e4.compatibility.CompatibilityView" class. Bundle might have been uninstalled

!ENTRY org.eclipse.e4.ui.workbench 2 0 2025-09-29 17:58:38.166
!MESSAGE Removing PartDescriptorImpl with the "org.eclipse.pde.ui.FeaturesView" id and the "Features" label.It points to the non available "bundleclass://org.eclipse.ui.workbench/org.eclipse.ui.internal.e4.compatibility.CompatibilityView" class. Bundle might have been uninstalled

!ENTRY org.eclipse.e4.ui.workbench 2 0 2025-09-29 17:58:38.168
!MESSAGE Removing PartDescriptorImpl with the "org.eclipse.pde.ui.DependenciesView" id and the "Plug-in Dependencies" label.It points to the non available "bundleclass://org.eclipse.ui.workbench/org.eclipse.ui.internal.e4.compatibility.CompatibilityView" class. Bundle might have been uninstalled

!ENTRY org.eclipse.e4.ui.workbench 2 0 2025-09-29 17:58:38.169
!MESSAGE Removing PartDescriptorImpl with the "org.eclipse.pde.ui.TargetPlatformState" id and the "Target Platform State" label.It points to the non available "bundleclass://org.eclipse.ui.workbench/org.eclipse.ui.internal.e4.compatibility.CompatibilityView" class. Bundle might have been uninstalled

!ENTRY org.eclipse.e4.ui.workbench 2 0 2025-09-29 17:58:38.171
!MESSAGE Removing PartDescriptorImpl with the "org.eclipse.pde.ui.ImageBrowserView" id and the "Plug-in Image Browser" label.It points to the non available "bundleclass://org.eclipse.ui.workbench/org.eclipse.ui.internal.e4.compatibility.CompatibilityView" class. Bundle might have been uninstalled

!ENTRY org.eclipse.e4.ui.workbench 2 0 2025-09-29 17:58:38.173
!MESSAGE Removing PartDescriptorImpl with the "org.eclipse.wb.core.StructureView" id and the "Structure" label.It points to the non available "bundleclass://org.eclipse.ui.workbench/org.eclipse.ui.internal.e4.compatibility.CompatibilityView" class. Bundle might have been uninstalled

!ENTRY org.eclipse.e4.ui.workbench 2 0 2025-09-29 17:58:38.175
!MESSAGE Removing PartDescriptorImpl with the "org.eclipse.wb.core.PaletteView" id and the "Palette" label.It points to the non available "bundleclass://org.eclipse.ui.workbench/org.eclipse.ui.internal.e4.compatibility.CompatibilityView" class. Bundle might have been uninstalled
!SESSION 2025-09-29 18:03:33.237 -----------------------------------------------
eclipse.buildId=4.36.0.20250605-1300
java.version=21.0.8
java.vendor=Eclipse Adoptium
BootLoader constants: OS=win32, ARCH=x86_64, WS=win32, NL=es_ES
Framework arguments:  -product org.eclipse.epp.package.java.product
Command-line arguments:  -os win32 -ws win32 -arch x86_64 -product org.eclipse.epp.package.java.product

!ENTRY ch.qos.logback.classic 1 0 2025-09-29 18:03:36.643
!MESSAGE Activated before the state location was initialized. Retry after the state location is initialized.

!ENTRY ch.qos.logback.classic 1 0 2025-09-29 18:03:44.661
!MESSAGE Logback config file: C:\Users\Sophia\OneDrive\Programacion\.metadata\.plugins\org.eclipse.m2e.logback\logback.2.7.100.20250418-1315.xml

!ENTRY org.eclipse.egit.ui 2 0 2025-09-29 18:03:56.318
!MESSAGE Warning: The environment variable HOME is not set. The following directory will be used to store the Git
user global configuration and to define the default location to store repositories: 'C:\Users\Sophia'. If this is
not correct please set the HOME environment variable and restart Eclipse. Otherwise Git for Windows and
EGit might behave differently since they see different configuration options.
This warning can be switched off on the Team > Git > Confirmations and Warnings preference page.
